<?xml version="1.0" encoding="UTF-8"?>
<!-- Generated by org.testng.reporters.JUnitReportReporter -->
<testsuite hostname="HYRD5CG7423WVT" name="com.cucumber.runner.TestNGCukesRunner" tests="1" failures="0" timestamp="26 Apr 2018 13:34:02 GMT" time="0.551" errors="0">
  <testcase name="feature" time="0.551" classname="com.cucumber.runner.TestNGCukesRunner"/>
</testsuite> <!-- com.cucumber.runner.TestNGCukesRunner -->
